[INFO] 15.06.2024 16:45:58 >>> new Transaction{cardFromNumber='1111111111111111', cardToNumber='2222222222222222', amount=Amount[currency=RUR, value=100000], commission=1000.0, state=LOAD}
[INFO] 15.06.2024 16:45:58 >>> ConfirmOperation[operationId=1, code=0000]
[INFO] 15.06.2024 16:45:58 >>> Transaction state changed
[INFO] 15.06.2024 16:45:58 >>> new Transaction{cardFromNumber='1111111111111111', cardToNumber='2222222222222222', amount=Amount[currency=RUR, value=100000], commission=1000.0, state=OK}
[INFO] 15.06.2024 16:48:41 >>> new Transaction{cardFromNumber='2222222222222222', cardToNumber='3333333333333333', amount=Amount[currency=RUR, value=100000], commission=1000.0, state=LOAD}
[INFO] 15.06.2024 16:48:41 >>> ConfirmOperation[operationId=1, code=0000]
[INFO] 15.06.2024 16:48:41 >>> Transaction state changed
[INFO] 15.06.2024 16:48:41 >>> new Transaction{cardFromNumber='2222222222222222', cardToNumber='3333333333333333', amount=Amount[currency=RUR, value=100000], commission=1000.0, state=OK}
[INFO] 15.06.2024 16:49:11 >>> new Transaction{cardFromNumber='4444444444444444', cardToNumber='5555555555555555', amount=Amount[currency=RUR, value=10000], commission=100.0, state=LOAD}
[INFO] 15.06.2024 16:49:11 >>> ConfirmOperation[operationId=2, code=0000]
[INFO] 15.06.2024 16:49:11 >>> Transaction state changed
[INFO] 15.06.2024 16:49:11 >>> new Transaction{cardFromNumber='4444444444444444', cardToNumber='5555555555555555', amount=Amount[currency=RUR, value=10000], commission=100.0, state=OK}
[INFO] 15.06.2024 17:03:13 >>> new Transaction{cardFromNumber='1111111111111111', cardToNumber='2222222222222222', amount=Amount[currency=RUR, value=20000], commission=200.0, state=LOAD}
[INFO] 15.06.2024 17:03:13 >>> ConfirmOperation[operationId=1, code=0000]
[INFO] 15.06.2024 17:03:13 >>> Transaction state changed
[INFO] 15.06.2024 17:03:13 >>> new Transaction{cardFromNumber='1111111111111111', cardToNumber='2222222222222222', amount=Amount[currency=RUR, value=20000], commission=200.0, state=OK}
[INFO] 15.06.2024 17:26:38 >>> new Transaction{cardFromNumber='1111111111111111', cardToNumber='2222222222222222', amount=Amount(value=20000, currency=RUR), commission=200.0, state=LOAD}
[INFO] 15.06.2024 17:26:38 >>> ConfirmOperation[operationId=1, code=0000]
[INFO] 15.06.2024 17:26:38 >>> Transaction state changed
[INFO] 15.06.2024 17:26:38 >>> new Transaction{cardFromNumber='1111111111111111', cardToNumber='2222222222222222', amount=Amount(value=20000, currency=RUR), commission=200.0, state=OK}
[INFO] 15.06.2024 17:27:34 >>> new Transaction{cardFromNumber='2222222222222222', cardToNumber='1111111111111111', amount=Amount(value=10000, currency=RUR), commission=100.0, state=LOAD}
[INFO] 15.06.2024 17:27:34 >>> ConfirmOperation[operationId=2, code=0000]
[INFO] 15.06.2024 17:27:34 >>> Transaction state changed
[INFO] 15.06.2024 17:27:34 >>> new Transaction{cardFromNumber='2222222222222222', cardToNumber='1111111111111111', amount=Amount(value=10000, currency=RUR), commission=100.0, state=OK}
[INFO] 15.06.2024 17:46:32 >>> new Transaction{cardFromNumber='1111111111111111', cardToNumber='2222222222222222', amount=Amount(value=10000, currency=RUR), commission=100.0, state=LOAD}
[INFO] 15.06.2024 17:46:32 >>> ConfirmOperation(operationId=1, code=0000)
[INFO] 15.06.2024 17:46:32 >>> Transaction state changed
[INFO] 15.06.2024 17:46:32 >>> new Transaction{cardFromNumber='1111111111111111', cardToNumber='2222222222222222', amount=Amount(value=10000, currency=RUR), commission=100.0, state=OK}
[INFO] 15.06.2024 18:02:32 >>> new Transaction{cardFromNumber='5555555555555555', cardToNumber='6666666666666666', amount=Amount(value=20000, currency=RUR), commission=200.0, state=LOAD}
[INFO] 15.06.2024 18:02:33 >>> ConfirmOperation(operationId=1, code=0000)
[INFO] 15.06.2024 18:02:33 >>> Transaction state changed
[INFO] 15.06.2024 18:02:33 >>> new Transaction{cardFromNumber='5555555555555555', cardToNumber='6666666666666666', amount=Amount(value=20000, currency=RUR), commission=200.0, state=OK}
[INFO] 15.06.2024 18:35:51 >>> new Transaction{cardFromNumber='1111111111111111', cardToNumber='2222222222222222', amount=Amount(value=77700, currency=RUR), commission=777.0, state=LOAD}
[INFO] 15.06.2024 18:35:51 >>> ConfirmOperation(operationId=1, code=0000)
[INFO] 15.06.2024 18:35:51 >>> Transaction state changed
[INFO] 15.06.2024 18:35:51 >>> new Transaction{cardFromNumber='1111111111111111', cardToNumber='2222222222222222', amount=Amount(value=77700, currency=RUR), commission=777.0, state=OK}
[INFO] 15.06.2024 18:37:24 >>> new Transaction{cardFromNumber='7777777777777777', cardToNumber='8888888888888888', amount=Amount(value=55500, currency=RUR), commission=555.0, state=LOAD}
[INFO] 15.06.2024 18:37:24 >>> ConfirmOperation(operationId=1, code=0000)
[INFO] 15.06.2024 18:37:24 >>> Transaction state changed
[INFO] 15.06.2024 18:37:24 >>> new Transaction{cardFromNumber='7777777777777777', cardToNumber='8888888888888888', amount=Amount(value=55500, currency=RUR), commission=555.0, state=OK}
[INFO] 15.06.2024 18:52:32 >>> РќРѕРІС‹Р№ РїРµСЂРµРІРѕРґ: 9999999999999999 , 8888888888888888 , 99900 , РєРѕРјРјРёСЃСЃРёСЏ: 999 , СЃС‚Р°С‚СѓСЃ: null
[INFO] 15.06.2024 18:52:32 >>> ConfirmOperation(operationId=1, code=0000)
[INFO] 15.06.2024 18:52:32 >>> Transaction state changed
[INFO] 15.06.2024 18:52:32 >>> new Transaction{cardFromNumber='9999999999999999', cardToNumber='8888888888888888', amount=Amount(value=99900, currency=RUR), commission=999.0, state=OK}
[INFO] 16.06.2024 15:56:03 >>> РќРѕРІС‹Р№ РїРµСЂРµРІРѕРґ: РќРѕРјРµСЂ РєР°СЂС‚С‹ РѕС‚РїСЂР°РІРёС‚РµР»СЏ = 1111111111111111 , РќРѕРјРµСЂ РєР°СЂС‚С‹ РїРѕР»СѓС‡Р°С‚РµР»СЏ = 2222222222222222 , РЎСѓРјРјР° = Amount(value=10000, currency=RUR) , РєРѕРјРјРёСЃСЃРёСЏ: 100.0 , СЃС‚Р°С‚СѓСЃ: LOAD
[INFO] 16.06.2024 15:56:03 >>> ConfirmOperation(operationId=1, code=0000)
[INFO] 16.06.2024 15:56:03 >>> Transaction state changed
[INFO] 16.06.2024 15:56:03 >>> РќРѕРІС‹Р№ РїРµСЂРµРІРѕРґ: РќРѕРјРµСЂ РєР°СЂС‚С‹ РѕС‚РїСЂР°РІРёС‚РµР»СЏ = 1111111111111111 , РќРѕРјРµСЂ РєР°СЂС‚С‹ РїРѕР»СѓС‡Р°С‚РµР»СЏ = 2222222222222222 , РЎСѓРјРјР° = Amount(value=10000, currency=RUR) , РєРѕРјРјРёСЃСЃРёСЏ: 100.0 , СЃС‚Р°С‚СѓСЃ: OK
[INFO] 16.06.2024 16:21:52 >>> РќРѕРІС‹Р№ РїРµСЂРµРІРѕРґ: РќРѕРјРµСЂ РєР°СЂС‚С‹ РѕС‚РїСЂР°РІРёС‚РµР»СЏ = 1111111111111111 , РќРѕРјРµСЂ РєР°СЂС‚С‹ РїРѕР»СѓС‡Р°С‚РµР»СЏ = 2222222222222222 , РЎСѓРјРјР° = Amount(value=7777700, currency=RUR) , РєРѕРјРјРёСЃСЃРёСЏ: 77777.0 , СЃС‚Р°С‚СѓСЃ: null
[ERROR] 16.06.2024 16:21:52 >>> Error confirm : transaction with id  2 was not foundConfirmOperation(operationId=2, code=0000)
[INFO] 16.06.2024 16:21:57 >>> РќРѕРІС‹Р№ РїРµСЂРµРІРѕРґ: РќРѕРјРµСЂ РєР°СЂС‚С‹ РѕС‚РїСЂР°РІРёС‚РµР»СЏ = 1111111111111111 , РќРѕРјРµСЂ РєР°СЂС‚С‹ РїРѕР»СѓС‡Р°С‚РµР»СЏ = 2222222222222222 , РЎСѓРјРјР° = Amount(value=7777700, currency=RUR) , РєРѕРјРјРёСЃСЃРёСЏ: 77777.0 , СЃС‚Р°С‚СѓСЃ: null
[ERROR] 16.06.2024 16:21:57 >>> Error confirm : transaction with id  3 was not foundConfirmOperation(operationId=3, code=0000)
[INFO] 16.06.2024 16:30:26 >>> РќРѕРІС‹Р№ РїРµСЂРµРІРѕРґ: РќРѕРјРµСЂ РєР°СЂС‚С‹ РѕС‚РїСЂР°РІРёС‚РµР»СЏ = 1111111111111111 , РќРѕРјРµСЂ РєР°СЂС‚С‹ РїРѕР»СѓС‡Р°С‚РµР»СЏ = 2222222222222222 , РЎСѓРјРјР° = Amount(value=7777700, currency=RUR) , РєРѕРјРјРёСЃСЃРёСЏ: 77777.0 , СЃС‚Р°С‚СѓСЃ: null
[ERROR] 16.06.2024 16:30:26 >>> Error confirm : transaction with id  1 was not foundConfirmOperation(operationId=1, code=0000)
[INFO] 16.06.2024 16:30:45 >>> РќРѕРІС‹Р№ РїРµСЂРµРІРѕРґ: РќРѕРјРµСЂ РєР°СЂС‚С‹ РѕС‚РїСЂР°РІРёС‚РµР»СЏ = 1111111111111111 , РќРѕРјРµСЂ РєР°СЂС‚С‹ РїРѕР»СѓС‡Р°С‚РµР»СЏ = 2222222222222222 , РЎСѓРјРјР° = Amount(value=111100, currency=RUR) , РєРѕРјРјРёСЃСЃРёСЏ: 1111.0 , СЃС‚Р°С‚СѓСЃ: null
[ERROR] 16.06.2024 16:30:45 >>> Error confirm : transaction with id  2 was not foundConfirmOperation(operationId=2, code=0000)
[INFO] 16.06.2024 16:38:52 >>> РќРѕРІС‹Р№ РїРµСЂРµРІРѕРґ: РќРѕРјРµСЂ РєР°СЂС‚С‹ РѕС‚РїСЂР°РІРёС‚РµР»СЏ = 1111111111111111 , РќРѕРјРµСЂ РєР°СЂС‚С‹ РїРѕР»СѓС‡Р°С‚РµР»СЏ = 2222222222222222 , РЎСѓРјРјР° = Amount(value=222200, currency=RUR) , РєРѕРјРјРёСЃСЃРёСЏ: 2222.0 , СЃС‚Р°С‚СѓСЃ: LOAD
[INFO] 16.06.2024 16:38:52 >>> ConfirmOperation(operationId=1, code=0000)
[INFO] 16.06.2024 16:38:52 >>> Transaction state changed
[INFO] 16.06.2024 16:38:52 >>> РќРѕРІС‹Р№ РїРµСЂРµРІРѕРґ: РќРѕРјРµСЂ РєР°СЂС‚С‹ РѕС‚РїСЂР°РІРёС‚РµР»СЏ = 1111111111111111 , РќРѕРјРµСЂ РєР°СЂС‚С‹ РїРѕР»СѓС‡Р°С‚РµР»СЏ = 2222222222222222 , РЎСѓРјРјР° = Amount(value=222200, currency=RUR) , РєРѕРјРјРёСЃСЃРёСЏ: 2222.0 , СЃС‚Р°С‚СѓСЃ: OK
[INFO] 16.06.2024 16:39:28 >>> РќРѕРІС‹Р№ РїРµСЂРµРІРѕРґ: РќРѕРјРµСЂ РєР°СЂС‚С‹ РѕС‚РїСЂР°РІРёС‚РµР»СЏ = 2222222222222222 , РќРѕРјРµСЂ РєР°СЂС‚С‹ РїРѕР»СѓС‡Р°С‚РµР»СЏ = 3333333333333333 , РЎСѓРјРјР° = Amount(value=11111100, currency=RUR) , РєРѕРјРјРёСЃСЃРёСЏ: 111111.0 , СЃС‚Р°С‚СѓСЃ: LOAD
[INFO] 16.06.2024 16:39:28 >>> ConfirmOperation(operationId=2, code=0000)
[INFO] 16.06.2024 16:39:28 >>> Transaction state changed
[INFO] 16.06.2024 16:39:28 >>> РќРѕРІС‹Р№ РїРµСЂРµРІРѕРґ: РќРѕРјРµСЂ РєР°СЂС‚С‹ РѕС‚РїСЂР°РІРёС‚РµР»СЏ = 2222222222222222 , РќРѕРјРµСЂ РєР°СЂС‚С‹ РїРѕР»СѓС‡Р°С‚РµР»СЏ = 3333333333333333 , РЎСѓРјРјР° = Amount(value=11111100, currency=RUR) , РєРѕРјРјРёСЃСЃРёСЏ: 111111.0 , СЃС‚Р°С‚СѓСЃ: OK
[INFO] 16.06.2024 16:42:00 >>> РќРѕРІС‹Р№ РїРµСЂРµРІРѕРґ: РќРѕРјРµСЂ РєР°СЂС‚С‹ РѕС‚РїСЂР°РІРёС‚РµР»СЏ = 5555555555555555 , РќРѕРјРµСЂ РєР°СЂС‚С‹ РїРѕР»СѓС‡Р°С‚РµР»СЏ = 6666666666666666 , РЎСѓРјРјР° = Amount(value=1000000, currency=RUR) , РєРѕРјРјРёСЃСЃРёСЏ: 10000.0 , СЃС‚Р°С‚СѓСЃ: LOAD
[INFO] 16.06.2024 16:42:00 >>> ConfirmOperation(operationId=2, code=0000)
[INFO] 16.06.2024 16:42:00 >>> Transaction state changed
[INFO] 16.06.2024 16:42:00 >>> РќРѕРІС‹Р№ РїРµСЂРµРІРѕРґ: РќРѕРјРµСЂ РєР°СЂС‚С‹ РѕС‚РїСЂР°РІРёС‚РµР»СЏ = 5555555555555555 , РќРѕРјРµСЂ РєР°СЂС‚С‹ РїРѕР»СѓС‡Р°С‚РµР»СЏ = 6666666666666666 , РЎСѓРјРјР° = Amount(value=1000000, currency=RUR) , РєРѕРјРјРёСЃСЃРёСЏ: 10000.0 , СЃС‚Р°С‚СѓСЃ: OK
[INFO] 16.06.2024 16:42:48 >>> РќРѕРІС‹Р№ РїРµСЂРµРІРѕРґ: РќРѕРјРµСЂ РєР°СЂС‚С‹ РѕС‚РїСЂР°РІРёС‚РµР»СЏ = 1111111111111111 , РќРѕРјРµСЂ РєР°СЂС‚С‹ РїРѕР»СѓС‡Р°С‚РµР»СЏ = 2222222222222222 , РЎСѓРјРјР° = Amount(value=17777700, currency=RUR) , РєРѕРјРјРёСЃСЃРёСЏ: 177777.0 , СЃС‚Р°С‚СѓСЃ: LOAD
[INFO] 16.06.2024 16:42:48 >>> ConfirmOperation(operationId=3, code=0000)
[INFO] 16.06.2024 16:42:48 >>> Transaction state changed
[INFO] 16.06.2024 16:42:48 >>> РќРѕРІС‹Р№ РїРµСЂРµРІРѕРґ: РќРѕРјРµСЂ РєР°СЂС‚С‹ РѕС‚РїСЂР°РІРёС‚РµР»СЏ = 1111111111111111 , РќРѕРјРµСЂ РєР°СЂС‚С‹ РїРѕР»СѓС‡Р°С‚РµР»СЏ = 2222222222222222 , РЎСѓРјРјР° = Amount(value=17777700, currency=RUR) , РєРѕРјРјРёСЃСЃРёСЏ: 177777.0 , СЃС‚Р°С‚СѓСЃ: OK
[INFO] 16.06.2024 16:43:22 >>> РќРѕРІС‹Р№ РїРµСЂРµРІРѕРґ: РќРѕРјРµСЂ РєР°СЂС‚С‹ РѕС‚РїСЂР°РІРёС‚РµР»СЏ = 1111111111111111 , РќРѕРјРµСЂ РєР°СЂС‚С‹ РїРѕР»СѓС‡Р°С‚РµР»СЏ = 2222222222222222 , РЎСѓРјРјР° = Amount(value=88888800, currency=RUR) , РєРѕРјРјРёСЃСЃРёСЏ: 888888.0 , СЃС‚Р°С‚СѓСЃ: LOAD
[INFO] 16.06.2024 16:43:22 >>> ConfirmOperation(operationId=2, code=0000)
[INFO] 16.06.2024 16:43:22 >>> Transaction state changed
[INFO] 16.06.2024 16:43:22 >>> РќРѕРІС‹Р№ РїРµСЂРµРІРѕРґ: РќРѕРјРµСЂ РєР°СЂС‚С‹ РѕС‚РїСЂР°РІРёС‚РµР»СЏ = 1111111111111111 , РќРѕРјРµСЂ РєР°СЂС‚С‹ РїРѕР»СѓС‡Р°С‚РµР»СЏ = 2222222222222222 , РЎСѓРјРјР° = Amount(value=88888800, currency=RUR) , РєРѕРјРјРёСЃСЃРёСЏ: 888888.0 , СЃС‚Р°С‚СѓСЃ: OK
[INFO] 16.06.2024 16:48:53 >>> РќРѕРІС‹Р№ РїРµСЂРµРІРѕРґ: РќРѕРјРµСЂ РєР°СЂС‚С‹ РѕС‚РїСЂР°РІРёС‚РµР»СЏ = 1111111111111111 , РќРѕРјРµСЂ РєР°СЂС‚С‹ РїРѕР»СѓС‡Р°С‚РµР»СЏ = 2222222222222222 , РЎСѓРјРјР° = Amount(value=555500, currency=RUR) , РєРѕРјРјРёСЃСЃРёСЏ: 5555.0 , СЃС‚Р°С‚СѓСЃ: LOAD
[INFO] 16.06.2024 16:48:53 >>> ConfirmOperation(operationId=1, code=0000)
[INFO] 16.06.2024 16:48:53 >>> Transaction state changed
[INFO] 16.06.2024 16:48:53 >>> РќРѕРІС‹Р№ РїРµСЂРµРІРѕРґ: РќРѕРјРµСЂ РєР°СЂС‚С‹ РѕС‚РїСЂР°РІРёС‚РµР»СЏ = 1111111111111111 , РќРѕРјРµСЂ РєР°СЂС‚С‹ РїРѕР»СѓС‡Р°С‚РµР»СЏ = 2222222222222222 , РЎСѓРјРјР° = Amount(value=555500, currency=RUR) , РєРѕРјРјРёСЃСЃРёСЏ: 5555.0 , СЃС‚Р°С‚СѓСЃ: OK
[INFO] 16.06.2024 16:57:24 >>> РќРѕРІС‹Р№ РїРµСЂРµРІРѕРґ: РќРѕРјРµСЂ РєР°СЂС‚С‹ РѕС‚РїСЂР°РІРёС‚РµР»СЏ = 1111111111111111 , РќРѕРјРµСЂ РєР°СЂС‚С‹ РїРѕР»СѓС‡Р°С‚РµР»СЏ = 2222222222222222 , РЎСѓРјРјР° = Amount(value=66666600, currency=RUR) , РєРѕРјРјРёСЃСЃРёСЏ: 666666.0 , СЃС‚Р°С‚СѓСЃ: LOAD
[INFO] 16.06.2024 16:57:24 >>> ConfirmOperation(operationId=1, code=0000)
[INFO] 16.06.2024 16:57:24 >>> Transaction state changed
[INFO] 16.06.2024 16:57:24 >>> РќРѕРІС‹Р№ РїРµСЂРµРІРѕРґ: РќРѕРјРµСЂ РєР°СЂС‚С‹ РѕС‚РїСЂР°РІРёС‚РµР»СЏ = 1111111111111111 , РќРѕРјРµСЂ РєР°СЂС‚С‹ РїРѕР»СѓС‡Р°С‚РµР»СЏ = 2222222222222222 , РЎСѓРјРјР° = Amount(value=66666600, currency=RUR) , РєРѕРјРјРёСЃСЃРёСЏ: 666666.0 , СЃС‚Р°С‚СѓСЃ: OK
[INFO] 16.06.2024 16:57:44 >>> РќРѕРІС‹Р№ РїРµСЂРµРІРѕРґ: РќРѕРјРµСЂ РєР°СЂС‚С‹ РѕС‚РїСЂР°РІРёС‚РµР»СЏ = 2222222222222222 , РќРѕРјРµСЂ РєР°СЂС‚С‹ РїРѕР»СѓС‡Р°С‚РµР»СЏ = 3333333333333333 , РЎСѓРјРјР° = Amount(value=555500, currency=RUR) , РєРѕРјРјРёСЃСЃРёСЏ: 5555.0 , СЃС‚Р°С‚СѓСЃ: LOAD
[INFO] 16.06.2024 16:57:44 >>> ConfirmOperation(operationId=2, code=0000)
[INFO] 16.06.2024 16:57:44 >>> Transaction state changed
[INFO] 16.06.2024 16:57:44 >>> РќРѕРІС‹Р№ РїРµСЂРµРІРѕРґ: РќРѕРјРµСЂ РєР°СЂС‚С‹ РѕС‚РїСЂР°РІРёС‚РµР»СЏ = 2222222222222222 , РќРѕРјРµСЂ РєР°СЂС‚С‹ РїРѕР»СѓС‡Р°С‚РµР»СЏ = 3333333333333333 , РЎСѓРјРјР° = Amount(value=555500, currency=RUR) , РєРѕРјРјРёСЃСЃРёСЏ: 5555.0 , СЃС‚Р°С‚СѓСЃ: OK
[INFO] 16.06.2024 17:01:19 >>> РќРѕРІС‹Р№ РїРµСЂРµРІРѕРґ: РќРѕРјРµСЂ РєР°СЂС‚С‹ РѕС‚РїСЂР°РІРёС‚РµР»СЏ = 2222222222222222 , РќРѕРјРµСЂ РєР°СЂС‚С‹ РїРѕР»СѓС‡Р°С‚РµР»СЏ = 3333333333333333 , РЎСѓРјРјР° = Amount(value=222200, currency=RUR) , РєРѕРјРјРёСЃСЃРёСЏ: 2222.0 , СЃС‚Р°С‚СѓСЃ: LOAD
[INFO] 16.06.2024 17:01:19 >>> ConfirmOperation(operationId=2, code=0000)
[INFO] 16.06.2024 17:01:19 >>> Transaction state changed
[INFO] 16.06.2024 17:01:19 >>> РќРѕРІС‹Р№ РїРµСЂРµРІРѕРґ: РќРѕРјРµСЂ РєР°СЂС‚С‹ РѕС‚РїСЂР°РІРёС‚РµР»СЏ = 2222222222222222 , РќРѕРјРµСЂ РєР°СЂС‚С‹ РїРѕР»СѓС‡Р°С‚РµР»СЏ = 3333333333333333 , РЎСѓРјРјР° = Amount(value=222200, currency=RUR) , РєРѕРјРјРёСЃСЃРёСЏ: 2222.0 , СЃС‚Р°С‚СѓСЃ: OK
[INFO] 16.06.2024 17:08:54 >>> РќРѕРІС‹Р№ РїРµСЂРµРІРѕРґ: РќРѕРјРµСЂ РєР°СЂС‚С‹ РѕС‚РїСЂР°РІРёС‚РµР»СЏ = 5555555555555555 , РќРѕРјРµСЂ РєР°СЂС‚С‹ РїРѕР»СѓС‡Р°С‚РµР»СЏ = 6666666666666666 , РЎСѓРјРјР° = Amount(value=55555500, currency=RUR) , РєРѕРјРјРёСЃСЃРёСЏ: 555555.0 , СЃС‚Р°С‚СѓСЃ: LOAD
[INFO] 16.06.2024 17:08:54 >>> ConfirmOperation(operationId=1, code=0000)
[INFO] 16.06.2024 17:08:54 >>> Transaction state changed
[INFO] 16.06.2024 17:08:54 >>> РќРѕРІС‹Р№ РїРµСЂРµРІРѕРґ: РќРѕРјРµСЂ РєР°СЂС‚С‹ РѕС‚РїСЂР°РІРёС‚РµР»СЏ = 5555555555555555 , РќРѕРјРµСЂ РєР°СЂС‚С‹ РїРѕР»СѓС‡Р°С‚РµР»СЏ = 6666666666666666 , РЎСѓРјРјР° = Amount(value=55555500, currency=RUR) , РєРѕРјРјРёСЃСЃРёСЏ: 555555.0 , СЃС‚Р°С‚СѓСЃ: OK
[INFO] 16.06.2024 17:09:38 >>> РќРѕРІС‹Р№ РїРµСЂРµРІРѕРґ: РќРѕРјРµСЂ РєР°СЂС‚С‹ РѕС‚РїСЂР°РІРёС‚РµР»СЏ = 6666666666666666 , РќРѕРјРµСЂ РєР°СЂС‚С‹ РїРѕР»СѓС‡Р°С‚РµР»СЏ = 7777777777777777 , РЎСѓРјРјР° = Amount(value=777700, currency=RUR) , РєРѕРјРјРёСЃСЃРёСЏ: 7777.0 , СЃС‚Р°С‚СѓСЃ: LOAD
[INFO] 16.06.2024 17:09:38 >>> ConfirmOperation(operationId=2, code=0000)
[INFO] 16.06.2024 17:09:38 >>> Transaction state changed
[INFO] 16.06.2024 17:09:38 >>> РќРѕРІС‹Р№ РїРµСЂРµРІРѕРґ: РќРѕРјРµСЂ РєР°СЂС‚С‹ РѕС‚РїСЂР°РІРёС‚РµР»СЏ = 6666666666666666 , РќРѕРјРµСЂ РєР°СЂС‚С‹ РїРѕР»СѓС‡Р°С‚РµР»СЏ = 7777777777777777 , РЎСѓРјРјР° = Amount(value=777700, currency=RUR) , РєРѕРјРјРёСЃСЃРёСЏ: 7777.0 , СЃС‚Р°С‚СѓСЃ: OK
[INFO] 16.06.2024 17:11:27 >>> РќРѕРІС‹Р№ РїРµСЂРµРІРѕРґ: РќРѕРјРµСЂ РєР°СЂС‚С‹ РѕС‚РїСЂР°РІРёС‚РµР»СЏ = 7777777777777777 , РќРѕРјРµСЂ РєР°СЂС‚С‹ РїРѕР»СѓС‡Р°С‚РµР»СЏ = 8888888888888888 , РЎСѓРјРјР° = Amount(value=999900, currency=RUR) , РєРѕРјРјРёСЃСЃРёСЏ: 9999.0 , СЃС‚Р°С‚СѓСЃ: LOAD
[INFO] 16.06.2024 17:11:27 >>> ConfirmOperation(operationId=3, code=0000)
[INFO] 16.06.2024 17:11:27 >>> Transaction state changed
[INFO] 16.06.2024 17:11:27 >>> РќРѕРІС‹Р№ РїРµСЂРµРІРѕРґ: РќРѕРјРµСЂ РєР°СЂС‚С‹ РѕС‚РїСЂР°РІРёС‚РµР»СЏ = 7777777777777777 , РќРѕРјРµСЂ РєР°СЂС‚С‹ РїРѕР»СѓС‡Р°С‚РµР»СЏ = 8888888888888888 , РЎСѓРјРјР° = Amount(value=999900, currency=RUR) , РєРѕРјРјРёСЃСЃРёСЏ: 9999.0 , СЃС‚Р°С‚СѓСЃ: OK
[INFO] 16.06.2024 17:35:20 >>> РќРѕРІС‹Р№ РїРµСЂРµРІРѕРґ: РќРѕРјРµСЂ РєР°СЂС‚С‹ РѕС‚РїСЂР°РІРёС‚РµР»СЏ = 4444444444444444 , РќРѕРјРµСЂ РєР°СЂС‚С‹ РїРѕР»СѓС‡Р°С‚РµР»СЏ = 1111111111111111 , РЎСѓРјРјР° = Amount(value=111100, currency=RUR) , РєРѕРјРјРёСЃСЃРёСЏ: 1111.0 , СЃС‚Р°С‚СѓСЃ: LOAD
[INFO] 16.06.2024 17:35:20 >>> ConfirmOperation(operationId=1, code=0000)
[INFO] 16.06.2024 17:35:20 >>> РЎС‚Р°С‚СѓСЃ С‚СЂР°РЅР·Р°РєС†РёРё РёР·РјРµРЅРµРЅ
[INFO] 16.06.2024 17:35:20 >>> РќРѕРІС‹Р№ РїРµСЂРµРІРѕРґ: РќРѕРјРµСЂ РєР°СЂС‚С‹ РѕС‚РїСЂР°РІРёС‚РµР»СЏ = 4444444444444444 , РќРѕРјРµСЂ РєР°СЂС‚С‹ РїРѕР»СѓС‡Р°С‚РµР»СЏ = 1111111111111111 , РЎСѓРјРјР° = Amount(value=111100, currency=RUR) , РєРѕРјРјРёСЃСЃРёСЏ: 1111.0 , СЃС‚Р°С‚СѓСЃ: OK
[INFO] 16.06.2024 17:42:16 >>> РќРѕРІС‹Р№ РїРµСЂРµРІРѕРґ: РќРѕРјРµСЂ РєР°СЂС‚С‹ РѕС‚РїСЂР°РІРёС‚РµР»СЏ = 1111111111111111 , РќРѕРјРµСЂ РєР°СЂС‚С‹ РїРѕР»СѓС‡Р°С‚РµР»СЏ = 2222222222222222 , РЎСѓРјРјР° = Amount(value=55500, currency=RUR) , РєРѕРјРјРёСЃСЃРёСЏ: 555.0 , СЃС‚Р°С‚СѓСЃ: LOAD
[INFO] 16.06.2024 17:42:16 >>> ConfirmOperation(operationId=1, code=0000)
[INFO] 16.06.2024 17:42:16 >>> РЎС‚Р°С‚СѓСЃ С‚СЂР°РЅР·Р°РєС†РёРё РёР·РјРµРЅРµРЅ
[INFO] 16.06.2024 17:42:16 >>> РќРѕРІС‹Р№ РїРµСЂРµРІРѕРґ: РќРѕРјРµСЂ РєР°СЂС‚С‹ РѕС‚РїСЂР°РІРёС‚РµР»СЏ = 1111111111111111 , РќРѕРјРµСЂ РєР°СЂС‚С‹ РїРѕР»СѓС‡Р°С‚РµР»СЏ = 2222222222222222 , РЎСѓРјРјР° = Amount(value=55500, currency=RUR) , РєРѕРјРјРёСЃСЃРёСЏ: 555.0 , СЃС‚Р°С‚СѓСЃ: OK
[INFO] 16.06.2024 17:42:45 >>> РќРѕРІС‹Р№ РїРµСЂРµРІРѕРґ: РќРѕРјРµСЂ РєР°СЂС‚С‹ РѕС‚РїСЂР°РІРёС‚РµР»СЏ = 2222222222222222 , РќРѕРјРµСЂ РєР°СЂС‚С‹ РїРѕР»СѓС‡Р°С‚РµР»СЏ = 3333333333333333 , РЎСѓРјРјР° = Amount(value=66600, currency=RUR) , РєРѕРјРјРёСЃСЃРёСЏ: 666.0 , СЃС‚Р°С‚СѓСЃ: LOAD
[INFO] 16.06.2024 17:42:45 >>> ConfirmOperation(operationId=2, code=0000)
[INFO] 16.06.2024 17:42:45 >>> РЎС‚Р°С‚СѓСЃ С‚СЂР°РЅР·Р°РєС†РёРё РёР·РјРµРЅРµРЅ
[INFO] 16.06.2024 17:42:45 >>> РќРѕРІС‹Р№ РїРµСЂРµРІРѕРґ: РќРѕРјРµСЂ РєР°СЂС‚С‹ РѕС‚РїСЂР°РІРёС‚РµР»СЏ = 2222222222222222 , РќРѕРјРµСЂ РєР°СЂС‚С‹ РїРѕР»СѓС‡Р°С‚РµР»СЏ = 3333333333333333 , РЎСѓРјРјР° = Amount(value=66600, currency=RUR) , РєРѕРјРјРёСЃСЃРёСЏ: 666.0 , СЃС‚Р°С‚СѓСЃ: OK
[INFO] 16.06.2024 17:53:13 >>> РќРѕРІС‹Р№ РїРµСЂРµРІРѕРґ: РќРѕРјРµСЂ РєР°СЂС‚С‹ РѕС‚РїСЂР°РІРёС‚РµР»СЏ = 4444444444444444 , РќРѕРјРµСЂ РєР°СЂС‚С‹ РїРѕР»СѓС‡Р°С‚РµР»СЏ = 5555555555555555 , РЎСѓРјРјР° = Amount(value=2222200, currency=RUR) , РєРѕРјРјРёСЃСЃРёСЏ: 22222.0 , СЃС‚Р°С‚СѓСЃ: LOAD
[INFO] 16.06.2024 17:53:13 >>> ConfirmOperation(operationId=1, code=0000)
[INFO] 16.06.2024 17:53:13 >>> РЎС‚Р°С‚СѓСЃ С‚СЂР°РЅР·Р°РєС†РёРё РёР·РјРµРЅРµРЅ
[INFO] 16.06.2024 17:53:13 >>> РќРѕРІС‹Р№ РїРµСЂРµРІРѕРґ: РќРѕРјРµСЂ РєР°СЂС‚С‹ РѕС‚РїСЂР°РІРёС‚РµР»СЏ = 4444444444444444 , РќРѕРјРµСЂ РєР°СЂС‚С‹ РїРѕР»СѓС‡Р°С‚РµР»СЏ = 5555555555555555 , РЎСѓРјРјР° = Amount(value=2222200, currency=RUR) , РєРѕРјРјРёСЃСЃРёСЏ: 22222.0 , СЃС‚Р°С‚СѓСЃ: OK
[INFO] 16.06.2024 17:59:20 >>> РќРѕРІС‹Р№ РїРµСЂРµРІРѕРґ: РќРѕРјРµСЂ РєР°СЂС‚С‹ РѕС‚РїСЂР°РІРёС‚РµР»СЏ = 7777777777777777 , РќРѕРјРµСЂ РєР°СЂС‚С‹ РїРѕР»СѓС‡Р°С‚РµР»СЏ = 8888888888888888 , РЎСѓРјРјР° = Amount(value=33333300, currency=RUR) , РєРѕРјРјРёСЃСЃРёСЏ: 333333.0 , СЃС‚Р°С‚СѓСЃ: LOAD
[INFO] 16.06.2024 17:59:20 >>> ConfirmOperation(operationId=1, code=0000)
[INFO] 16.06.2024 17:59:20 >>> РЎС‚Р°С‚СѓСЃ С‚СЂР°РЅР·Р°РєС†РёРё РёР·РјРµРЅРµРЅ
[INFO] 16.06.2024 17:59:20 >>> РќРѕРІС‹Р№ РїРµСЂРµРІРѕРґ: РќРѕРјРµСЂ РєР°СЂС‚С‹ РѕС‚РїСЂР°РІРёС‚РµР»СЏ = 7777777777777777 , РќРѕРјРµСЂ РєР°СЂС‚С‹ РїРѕР»СѓС‡Р°С‚РµР»СЏ = 8888888888888888 , РЎСѓРјРјР° = Amount(value=33333300, currency=RUR) , РєРѕРјРјРёСЃСЃРёСЏ: 333333.0 , СЃС‚Р°С‚СѓСЃ: ERROR
[INFO] 16.06.2024 18:05:37 >>> РќРѕРІС‹Р№ РїРµСЂРµРІРѕРґ: РќРѕРјРµСЂ РєР°СЂС‚С‹ РѕС‚РїСЂР°РІРёС‚РµР»СЏ = 1111111111111111 , РќРѕРјРµСЂ РєР°СЂС‚С‹ РїРѕР»СѓС‡Р°С‚РµР»СЏ = 2222222222222222 , РЎСѓРјРјР° = Amount(value=12222200, currency=RUR) , РєРѕРјРјРёСЃСЃРёСЏ: 122222.0 , СЃС‚Р°С‚СѓСЃ: LOAD
[INFO] 16.06.2024 18:05:37 >>> РџРµСЂРµРІРѕРґ РѕРґРѕР±СЂРµРЅ: 1 , 3da632dc-800e-41ba-b643-730301c96e94
[INFO] 16.06.2024 18:05:37 >>> РЎС‚Р°С‚СѓСЃ С‚СЂР°РЅР·Р°РєС†РёРё РёР·РјРµРЅРµРЅ
[INFO] 16.06.2024 18:05:37 >>> РќРѕРІС‹Р№ РїРµСЂРµРІРѕРґ: РќРѕРјРµСЂ РєР°СЂС‚С‹ РѕС‚РїСЂР°РІРёС‚РµР»СЏ = 1111111111111111 , РќРѕРјРµСЂ РєР°СЂС‚С‹ РїРѕР»СѓС‡Р°С‚РµР»СЏ = 2222222222222222 , РЎСѓРјРјР° = Amount(value=12222200, currency=RUR) , РєРѕРјРјРёСЃСЃРёСЏ: 122222.0 , СЃС‚Р°С‚СѓСЃ: ERROR
[INFO] 16.06.2024 18:08:26 >>> РќРѕРІС‹Р№ РїРµСЂРµРІРѕРґ: РќРѕРјРµСЂ РєР°СЂС‚С‹ РѕС‚РїСЂР°РІРёС‚РµР»СЏ = 2222222222222222 , РќРѕРјРµСЂ РєР°СЂС‚С‹ РїРѕР»СѓС‡Р°С‚РµР»СЏ = 3333333333333333 , РЎСѓРјРјР° = Amount(value=2222200, currency=RUR) , РєРѕРјРјРёСЃСЃРёСЏ: 22222.0 , СЃС‚Р°С‚СѓСЃ: LOAD
[INFO] 16.06.2024 18:08:26 >>> РџРµСЂРµРІРѕРґ РѕРґРѕР±СЂРµРЅ: 2 , ee7a9d62-cf9b-4f43-9f5d-dd1ff486baf0
[INFO] 16.06.2024 18:08:26 >>> РЎС‚Р°С‚СѓСЃ С‚СЂР°РЅР·Р°РєС†РёРё РёР·РјРµРЅРµРЅ
[INFO] 16.06.2024 18:08:26 >>> РќРѕРІС‹Р№ РїРµСЂРµРІРѕРґ: РќРѕРјРµСЂ РєР°СЂС‚С‹ РѕС‚РїСЂР°РІРёС‚РµР»СЏ = 2222222222222222 , РќРѕРјРµСЂ РєР°СЂС‚С‹ РїРѕР»СѓС‡Р°С‚РµР»СЏ = 3333333333333333 , РЎСѓРјРјР° = Amount(value=2222200, currency=RUR) , РєРѕРјРјРёСЃСЃРёСЏ: 22222.0 , СЃС‚Р°С‚СѓСЃ: ERROR
[INFO] 16.06.2024 18:15:45 >>> РќРѕРІС‹Р№ РїРµСЂРµРІРѕРґ: РќРѕРјРµСЂ РєР°СЂС‚С‹ РѕС‚РїСЂР°РІРёС‚РµР»СЏ = 1111111111111111 , РќРѕРјРµСЂ РєР°СЂС‚С‹ РїРѕР»СѓС‡Р°С‚РµР»СЏ = 3333333333333333 , РЎСѓРјРјР° = Amount(value=777700, currency=RUR) , РєРѕРјРјРёСЃСЃРёСЏ: 7777.0 , СЃС‚Р°С‚СѓСЃ: LOAD
[INFO] 16.06.2024 18:15:45 >>> РџРµСЂРµРІРѕРґ РѕРґРѕР±СЂРµРЅ: 1 , e35e9f1d-a0cc-4ba4-a84f-1a587494df3a
[INFO] 16.06.2024 18:15:45 >>> РЎС‚Р°С‚СѓСЃ С‚СЂР°РЅР·Р°РєС†РёРё РёР·РјРµРЅРµРЅ
[INFO] 16.06.2024 18:15:45 >>> РќРѕРІС‹Р№ РїРµСЂРµРІРѕРґ: РќРѕРјРµСЂ РєР°СЂС‚С‹ РѕС‚РїСЂР°РІРёС‚РµР»СЏ = 1111111111111111 , РќРѕРјРµСЂ РєР°СЂС‚С‹ РїРѕР»СѓС‡Р°С‚РµР»СЏ = 3333333333333333 , РЎСѓРјРјР° = Amount(value=777700, currency=RUR) , РєРѕРјРјРёСЃСЃРёСЏ: 7777.0 , СЃС‚Р°С‚СѓСЃ: ERROR
[INFO] 16.06.2024 18:18:49 >>> РќРѕРІС‹Р№ РїРµСЂРµРІРѕРґ: РќРѕРјРµСЂ РєР°СЂС‚С‹ РѕС‚РїСЂР°РІРёС‚РµР»СЏ = 2222222222222222 , РќРѕРјРµСЂ РєР°СЂС‚С‹ РїРѕР»СѓС‡Р°С‚РµР»СЏ = 3333333333333333 , РЎСѓРјРјР° = Amount(value=77700, currency=RUR) , РєРѕРјРјРёСЃСЃРёСЏ: 777.0 , СЃС‚Р°С‚СѓСЃ: LOAD
[INFO] 16.06.2024 18:18:49 >>> РџРµСЂРµРІРѕРґ РѕРґРѕР±СЂРµРЅ: 1 , 8d6daa8f-194d-4952-a08e-49ee549c3f8e
[INFO] 16.06.2024 18:18:49 >>> РЎС‚Р°С‚СѓСЃ С‚СЂР°РЅР·Р°РєС†РёРё РёР·РјРµРЅРµРЅ
[INFO] 16.06.2024 18:18:49 >>> РќРѕРІС‹Р№ РїРµСЂРµРІРѕРґ: РќРѕРјРµСЂ РєР°СЂС‚С‹ РѕС‚РїСЂР°РІРёС‚РµР»СЏ = 2222222222222222 , РќРѕРјРµСЂ РєР°СЂС‚С‹ РїРѕР»СѓС‡Р°С‚РµР»СЏ = 3333333333333333 , РЎСѓРјРјР° = Amount(value=77700, currency=RUR) , РєРѕРјРјРёСЃСЃРёСЏ: 777.0 , СЃС‚Р°С‚СѓСЃ: ERROR
[INFO] 16.06.2024 18:22:17 >>> РќРѕРІС‹Р№ РїРµСЂРµРІРѕРґ: РќРѕРјРµСЂ РєР°СЂС‚С‹ РѕС‚РїСЂР°РІРёС‚РµР»СЏ = 5555555555555555 , РќРѕРјРµСЂ РєР°СЂС‚С‹ РїРѕР»СѓС‡Р°С‚РµР»СЏ = 3333333333333333 , РЎСѓРјРјР° = Amount(value=2222200, currency=RUR) , РєРѕРјРјРёСЃСЃРёСЏ: 22222.0 , СЃС‚Р°С‚СѓСЃ: LOAD
[INFO] 16.06.2024 18:22:17 >>> РџРµСЂРµРІРѕРґ РѕРґРѕР±СЂРµРЅ: 1 , 8890121d-cdfa-4eb8-a2a1-cf4d9138030a
[INFO] 16.06.2024 18:22:17 >>> РЎС‚Р°С‚СѓСЃ С‚СЂР°РЅР·Р°РєС†РёРё РёР·РјРµРЅРµРЅ
[INFO] 16.06.2024 18:22:17 >>> РќРѕРІС‹Р№ РїРµСЂРµРІРѕРґ: РќРѕРјРµСЂ РєР°СЂС‚С‹ РѕС‚РїСЂР°РІРёС‚РµР»СЏ = 5555555555555555 , РќРѕРјРµСЂ РєР°СЂС‚С‹ РїРѕР»СѓС‡Р°С‚РµР»СЏ = 3333333333333333 , РЎСѓРјРјР° = Amount(value=2222200, currency=RUR) , РєРѕРјРјРёСЃСЃРёСЏ: 22222.0 , СЃС‚Р°С‚СѓСЃ: ERROR
[INFO] 16.06.2024 18:24:31 >>> РќРѕРІС‹Р№ РїРµСЂРµРІРѕРґ: РќРѕРјРµСЂ РєР°СЂС‚С‹ РѕС‚РїСЂР°РІРёС‚РµР»СЏ = 2222222222222222 , РќРѕРјРµСЂ РєР°СЂС‚С‹ РїРѕР»СѓС‡Р°С‚РµР»СЏ = 3333333333333333 , РЎСѓРјРјР° = Amount(value=20000, currency=RUR) , РєРѕРјРјРёСЃСЃРёСЏ: 200.0 , СЃС‚Р°С‚СѓСЃ: LOAD
[INFO] 16.06.2024 18:24:31 >>> РџРµСЂРµРІРѕРґ РѕРґРѕР±СЂРµРЅ: 1 , efd24cff-f924-4154-95c8-5a2ba6ed4047
[INFO] 16.06.2024 18:24:31 >>> РЎС‚Р°С‚СѓСЃ С‚СЂР°РЅР·Р°РєС†РёРё РёР·РјРµРЅРµРЅ
[INFO] 16.06.2024 18:24:31 >>> РќРѕРІС‹Р№ РїРµСЂРµРІРѕРґ: РќРѕРјРµСЂ РєР°СЂС‚С‹ РѕС‚РїСЂР°РІРёС‚РµР»СЏ = 2222222222222222 , РќРѕРјРµСЂ РєР°СЂС‚С‹ РїРѕР»СѓС‡Р°С‚РµР»СЏ = 3333333333333333 , РЎСѓРјРјР° = Amount(value=20000, currency=RUR) , РєРѕРјРјРёСЃСЃРёСЏ: 200.0 , СЃС‚Р°С‚СѓСЃ: ERROR
[INFO] 16.06.2024 18:29:48 >>> РќРѕРІС‹Р№ РїРµСЂРµРІРѕРґ: РќРѕРјРµСЂ РєР°СЂС‚С‹ РѕС‚РїСЂР°РІРёС‚РµР»СЏ = 7777777777777777 , РќРѕРјРµСЂ РєР°СЂС‚С‹ РїРѕР»СѓС‡Р°С‚РµР»СЏ = 8888888888888888 , РЎСѓРјРјР° = Amount(value=333300, currency=RUR) , РєРѕРјРјРёСЃСЃРёСЏ: 3333.0 , СЃС‚Р°С‚СѓСЃ: LOAD
[INFO] 16.06.2024 18:29:48 >>> РџРµСЂРµРІРѕРґ РѕРґРѕР±СЂРµРЅ: 1 , e4b10fa0-d032-41c1-adef-0bce2ab5aaf4
[INFO] 16.06.2024 18:29:48 >>> РЎС‚Р°С‚СѓСЃ С‚СЂР°РЅР·Р°РєС†РёРё РёР·РјРµРЅРµРЅ
[INFO] 16.06.2024 18:29:48 >>> РќРѕРІС‹Р№ РїРµСЂРµРІРѕРґ: РќРѕРјРµСЂ РєР°СЂС‚С‹ РѕС‚РїСЂР°РІРёС‚РµР»СЏ = 7777777777777777 , РќРѕРјРµСЂ РєР°СЂС‚С‹ РїРѕР»СѓС‡Р°С‚РµР»СЏ = 8888888888888888 , РЎСѓРјРјР° = Amount(value=333300, currency=RUR) , РєРѕРјРјРёСЃСЃРёСЏ: 3333.0 , СЃС‚Р°С‚СѓСЃ: OK
[INFO] 16.06.2024 18:30:32 >>> РќРѕРІС‹Р№ РїРµСЂРµРІРѕРґ: РќРѕРјРµСЂ РєР°СЂС‚С‹ РѕС‚РїСЂР°РІРёС‚РµР»СЏ = 2222222222222222 , РќРѕРјРµСЂ РєР°СЂС‚С‹ РїРѕР»СѓС‡Р°С‚РµР»СЏ = 3333333333333333 , РЎСѓРјРјР° = Amount(value=555500, currency=RUR) , РєРѕРјРјРёСЃСЃРёСЏ: 5555.0 , СЃС‚Р°С‚СѓСЃ: LOAD
[INFO] 16.06.2024 18:30:32 >>> РџРµСЂРµРІРѕРґ РѕРґРѕР±СЂРµРЅ: 2 , 2ded4205-fc90-480c-b58e-b80f6375433d
[INFO] 16.06.2024 18:30:32 >>> РЎС‚Р°С‚СѓСЃ С‚СЂР°РЅР·Р°РєС†РёРё РёР·РјРµРЅРµРЅ
[INFO] 16.06.2024 18:30:32 >>> РќРѕРІС‹Р№ РїРµСЂРµРІРѕРґ: РќРѕРјРµСЂ РєР°СЂС‚С‹ РѕС‚РїСЂР°РІРёС‚РµР»СЏ = 2222222222222222 , РќРѕРјРµСЂ РєР°СЂС‚С‹ РїРѕР»СѓС‡Р°С‚РµР»СЏ = 3333333333333333 , РЎСѓРјРјР° = Amount(value=555500, currency=RUR) , РєРѕРјРјРёСЃСЃРёСЏ: 5555.0 , СЃС‚Р°С‚СѓСЃ: OK
[INFO] 16.06.2024 18:34:25 >>> РќРѕРІС‹Р№ РїРµСЂРµРІРѕРґ: РќРѕРјРµСЂ РєР°СЂС‚С‹ РѕС‚РїСЂР°РІРёС‚РµР»СЏ = 1111111111111111 , РќРѕРјРµСЂ РєР°СЂС‚С‹ РїРѕР»СѓС‡Р°С‚РµР»СЏ = 2222222222222222 , РЎСѓРјРјР° = Amount(value=3333300, currency=RUR) , РєРѕРјРјРёСЃСЃРёСЏ: 33333.0 , СЃС‚Р°С‚СѓСЃ: LOAD
[INFO] 16.06.2024 18:34:25 >>> РџРµСЂРµРІРѕРґ РѕРґРѕР±СЂРµРЅ: 1 , d67c17db-12be-4513-b637-1ba3e582877d
[INFO] 16.06.2024 18:34:25 >>> РЎС‚Р°С‚СѓСЃ С‚СЂР°РЅР·Р°РєС†РёРё РёР·РјРµРЅРµРЅ
[INFO] 16.06.2024 18:34:25 >>> РќРѕРІС‹Р№ РїРµСЂРµРІРѕРґ: РќРѕРјРµСЂ РєР°СЂС‚С‹ РѕС‚РїСЂР°РІРёС‚РµР»СЏ = 1111111111111111 , РќРѕРјРµСЂ РєР°СЂС‚С‹ РїРѕР»СѓС‡Р°С‚РµР»СЏ = 2222222222222222 , РЎСѓРјРјР° = Amount(value=3333300, currency=RUR) , РєРѕРјРјРёСЃСЃРёСЏ: 33333.0 , СЃС‚Р°С‚СѓСЃ: OK
[INFO] 16.06.2024 18:35:23 >>> РќРѕРІС‹Р№ РїРµСЂРµРІРѕРґ: РќРѕРјРµСЂ РєР°СЂС‚С‹ РѕС‚РїСЂР°РІРёС‚РµР»СЏ = 2222222222222222 , РќРѕРјРµСЂ РєР°СЂС‚С‹ РїРѕР»СѓС‡Р°С‚РµР»СЏ = 3333333333333333 , РЎСѓРјРјР° = Amount(value=5555500, currency=RUR) , РєРѕРјРјРёСЃСЃРёСЏ: 55555.0 , СЃС‚Р°С‚СѓСЃ: LOAD
[INFO] 16.06.2024 18:35:23 >>> РџРµСЂРµРІРѕРґ РѕРґРѕР±СЂРµРЅ: 2 , dae5f890-8215-4438-97bf-9490a73a64cf
[INFO] 16.06.2024 18:35:23 >>> РЎС‚Р°С‚СѓСЃ С‚СЂР°РЅР·Р°РєС†РёРё РёР·РјРµРЅРµРЅ
[INFO] 16.06.2024 18:35:23 >>> РќРѕРІС‹Р№ РїРµСЂРµРІРѕРґ: РќРѕРјРµСЂ РєР°СЂС‚С‹ РѕС‚РїСЂР°РІРёС‚РµР»СЏ = 2222222222222222 , РќРѕРјРµСЂ РєР°СЂС‚С‹ РїРѕР»СѓС‡Р°С‚РµР»СЏ = 3333333333333333 , РЎСѓРјРјР° = Amount(value=5555500, currency=RUR) , РєРѕРјРјРёСЃСЃРёСЏ: 55555.0 , СЃС‚Р°С‚СѓСЃ: OK
[INFO] 16.06.2024 19:25:14 >>> РќРѕРІС‹Р№ РїРµСЂРµРІРѕРґ: РќРѕРјРµСЂ РєР°СЂС‚С‹ РѕС‚РїСЂР°РІРёС‚РµР»СЏ = 9999999999999999 , РќРѕРјРµСЂ РєР°СЂС‚С‹ РїРѕР»СѓС‡Р°С‚РµР»СЏ = 8888888888888888 , РЎСѓРјРјР° = Amount(value=12222200, currency=RUR) , РєРѕРјРјРёСЃСЃРёСЏ: 122222.0 , СЃС‚Р°С‚СѓСЃ: LOAD
[INFO] 16.06.2024 19:25:14 >>> РџРµСЂРµРІРѕРґ РѕРґРѕР±СЂРµРЅ: 1 , 19949cad-b0cc-43b6-be2e-fab4e20c5cfb
[INFO] 16.06.2024 19:25:14 >>> РЎС‚Р°С‚СѓСЃ С‚СЂР°РЅР·Р°РєС†РёРё РёР·РјРµРЅРµРЅ
[INFO] 16.06.2024 19:25:14 >>> РќРѕРІС‹Р№ РїРµСЂРµРІРѕРґ: РќРѕРјРµСЂ РєР°СЂС‚С‹ РѕС‚РїСЂР°РІРёС‚РµР»СЏ = 9999999999999999 , РќРѕРјРµСЂ РєР°СЂС‚С‹ РїРѕР»СѓС‡Р°С‚РµР»СЏ = 8888888888888888 , РЎСѓРјРјР° = Amount(value=12222200, currency=RUR) , РєРѕРјРјРёСЃСЃРёСЏ: 122222.0 , СЃС‚Р°С‚СѓСЃ: OK
[INFO] 16.06.2024 19:26:11 >>> РќРѕРІС‹Р№ РїРµСЂРµРІРѕРґ: РќРѕРјРµСЂ РєР°СЂС‚С‹ РѕС‚РїСЂР°РІРёС‚РµР»СЏ = 9999999999999999 , РќРѕРјРµСЂ РєР°СЂС‚С‹ РїРѕР»СѓС‡Р°С‚РµР»СЏ = 2222222222222222 , РЎСѓРјРјР° = Amount(value=2222200, currency=RUR) , РєРѕРјРјРёСЃСЃРёСЏ: 22222.0 , СЃС‚Р°С‚СѓСЃ: LOAD
[INFO] 16.06.2024 19:26:11 >>> РџРµСЂРµРІРѕРґ РѕРґРѕР±СЂРµРЅ: 2 , c407e762-8387-4429-a040-c3cf180ab18d
[INFO] 16.06.2024 19:26:11 >>> РЎС‚Р°С‚СѓСЃ С‚СЂР°РЅР·Р°РєС†РёРё РёР·РјРµРЅРµРЅ
[INFO] 16.06.2024 19:26:11 >>> РќРѕРІС‹Р№ РїРµСЂРµРІРѕРґ: РќРѕРјРµСЂ РєР°СЂС‚С‹ РѕС‚РїСЂР°РІРёС‚РµР»СЏ = 9999999999999999 , РќРѕРјРµСЂ РєР°СЂС‚С‹ РїРѕР»СѓС‡Р°С‚РµР»СЏ = 2222222222222222 , РЎСѓРјРјР° = Amount(value=2222200, currency=RUR) , РєРѕРјРјРёСЃСЃРёСЏ: 22222.0 , СЃС‚Р°С‚СѓСЃ: OK
[INFO] 16.06.2024 19:39:04 >>> РќРѕРІС‹Р№ РїРµСЂРµРІРѕРґ: РќРѕРјРµСЂ РєР°СЂС‚С‹ РѕС‚РїСЂР°РІРёС‚РµР»СЏ = 8888888888888888 , РќРѕРјРµСЂ РєР°СЂС‚С‹ РїРѕР»СѓС‡Р°С‚РµР»СЏ = 7777777777777777 , РЎСѓРјРјР° = Amount(value=2222200, currency=RUR) , РєРѕРјРјРёСЃСЃРёСЏ: 22222.0 , СЃС‚Р°С‚СѓСЃ: LOAD
[INFO] 16.06.2024 19:39:05 >>> РџРµСЂРµРІРѕРґ РѕРґРѕР±СЂРµРЅ: 1 , 1a084270-f252-42d6-94aa-320cfb925e43
[INFO] 16.06.2024 19:39:05 >>> РЎС‚Р°С‚СѓСЃ С‚СЂР°РЅР·Р°РєС†РёРё РёР·РјРµРЅРµРЅ
[INFO] 16.06.2024 19:39:05 >>> РќРѕРІС‹Р№ РїРµСЂРµРІРѕРґ: РќРѕРјРµСЂ РєР°СЂС‚С‹ РѕС‚РїСЂР°РІРёС‚РµР»СЏ = 8888888888888888 , РќРѕРјРµСЂ РєР°СЂС‚С‹ РїРѕР»СѓС‡Р°С‚РµР»СЏ = 7777777777777777 , РЎСѓРјРјР° = Amount(value=2222200, currency=RUR) , РєРѕРјРјРёСЃСЃРёСЏ: 22222.0 , СЃС‚Р°С‚СѓСЃ: OK
[INFO] 16.06.2024 22:52:08 >>> РќРѕРІС‹Р№ РїРµСЂРµРІРѕРґ: РќРѕРјРµСЂ РєР°СЂС‚С‹ РѕС‚РїСЂР°РІРёС‚РµР»СЏ = 1111111111111111 , РќРѕРјРµСЂ РєР°СЂС‚С‹ РїРѕР»СѓС‡Р°С‚РµР»СЏ = 2222222222222222 , РЎСѓРјРјР° = Amount(value=11111100, currency=RUR) , РєРѕРјРјРёСЃСЃРёСЏ: 111111.0 , СЃС‚Р°С‚СѓСЃ: LOAD
[INFO] 16.06.2024 22:52:08 >>> ConfirmOperation(operationId=1, code=0000)
[INFO] 16.06.2024 22:52:08 >>> РЎС‚Р°С‚СѓСЃ С‚СЂР°РЅР·Р°РєС†РёРё РёР·РјРµРЅРµРЅ
[INFO] 16.06.2024 22:52:08 >>> РќРѕРІС‹Р№ РїРµСЂРµРІРѕРґ: РќРѕРјРµСЂ РєР°СЂС‚С‹ РѕС‚РїСЂР°РІРёС‚РµР»СЏ = 1111111111111111 , РќРѕРјРµСЂ РєР°СЂС‚С‹ РїРѕР»СѓС‡Р°С‚РµР»СЏ = 2222222222222222 , РЎСѓРјРјР° = Amount(value=11111100, currency=RUR) , РєРѕРјРјРёСЃСЃРёСЏ: 111111.0 , СЃС‚Р°С‚СѓСЃ: OK
[INFO] 16.06.2024 22:53:02 >>> РќРѕРІС‹Р№ РїРµСЂРµРІРѕРґ: РќРѕРјРµСЂ РєР°СЂС‚С‹ РѕС‚РїСЂР°РІРёС‚РµР»СЏ = 2222222222222222 , РќРѕРјРµСЂ РєР°СЂС‚С‹ РїРѕР»СѓС‡Р°С‚РµР»СЏ = 3333333333333333 , РЎСѓРјРјР° = Amount(value=22222200, currency=RUR) , РєРѕРјРјРёСЃСЃРёСЏ: 222222.0 , СЃС‚Р°С‚СѓСЃ: LOAD
[INFO] 16.06.2024 22:53:02 >>> РџРµСЂРµРІРѕРґ РѕРґРѕР±СЂРµРЅ: 1 , 11c88b6a-b684-4775-a624-72d2015c6858
[INFO] 16.06.2024 22:53:02 >>> РЎС‚Р°С‚СѓСЃ С‚СЂР°РЅР·Р°РєС†РёРё РёР·РјРµРЅРµРЅ
[INFO] 16.06.2024 22:53:02 >>> РќРѕРІС‹Р№ РїРµСЂРµРІРѕРґ: РќРѕРјРµСЂ РєР°СЂС‚С‹ РѕС‚РїСЂР°РІРёС‚РµР»СЏ = 2222222222222222 , РќРѕРјРµСЂ РєР°СЂС‚С‹ РїРѕР»СѓС‡Р°С‚РµР»СЏ = 3333333333333333 , РЎСѓРјРјР° = Amount(value=22222200, currency=RUR) , РєРѕРјРјРёСЃСЃРёСЏ: 222222.0 , СЃС‚Р°С‚СѓСЃ: OK
[INFO] 18.06.2024 18:40:19 >>> РќРѕРІС‹Р№ РїРµСЂРµРІРѕРґ: РќРѕРјРµСЂ РєР°СЂС‚С‹ РѕС‚РїСЂР°РІРёС‚РµР»СЏ = 1111111111111111 , РќРѕРјРµСЂ РєР°СЂС‚С‹ РїРѕР»СѓС‡Р°С‚РµР»СЏ = 2222222222222222 , РЎСѓРјРјР° = Amount(value=12300, currency=RUR) , РєРѕРјРјРёСЃСЃРёСЏ: 123.0 , СЃС‚Р°С‚СѓСЃ: LOAD
[INFO] 18.06.2024 18:40:19 >>> РџРµСЂРµРІРѕРґ РѕРґРѕР±СЂРµРЅ: 1 , 64940631-5222-4f3c-a235-85fba3bc5524
[INFO] 18.06.2024 18:40:19 >>> РЎС‚Р°С‚СѓСЃ С‚СЂР°РЅР·Р°РєС†РёРё РёР·РјРµРЅРµРЅ
[INFO] 18.06.2024 18:40:19 >>> РќРѕРІС‹Р№ РїРµСЂРµРІРѕРґ: РќРѕРјРµСЂ РєР°СЂС‚С‹ РѕС‚РїСЂР°РІРёС‚РµР»СЏ = 1111111111111111 , РќРѕРјРµСЂ РєР°СЂС‚С‹ РїРѕР»СѓС‡Р°С‚РµР»СЏ = 2222222222222222 , РЎСѓРјРјР° = Amount(value=12300, currency=RUR) , РєРѕРјРјРёСЃСЃРёСЏ: 123.0 , СЃС‚Р°С‚СѓСЃ: OK
[INFO] 18.06.2024 18:42:41 >>> РќРѕРІС‹Р№ РїРµСЂРµРІРѕРґ: РќРѕРјРµСЂ РєР°СЂС‚С‹ РѕС‚РїСЂР°РІРёС‚РµР»СЏ = 1111111111111111 , РќРѕРјРµСЂ РєР°СЂС‚С‹ РїРѕР»СѓС‡Р°С‚РµР»СЏ = 2222222222222222 , РЎСѓРјРјР° = Amount(value=22200, currency=RUR) , РєРѕРјРјРёСЃСЃРёСЏ: 222.0 , СЃС‚Р°С‚СѓСЃ: LOAD
[INFO] 18.06.2024 18:42:41 >>> РџРµСЂРµРІРѕРґ РѕРґРѕР±СЂРµРЅ: 2 , 8cfaf00e-47e6-4071-8335-50ee08c0b41e
[INFO] 18.06.2024 18:42:41 >>> РЎС‚Р°С‚СѓСЃ С‚СЂР°РЅР·Р°РєС†РёРё РёР·РјРµРЅРµРЅ
[INFO] 18.06.2024 18:42:41 >>> РќРѕРІС‹Р№ РїРµСЂРµРІРѕРґ: РќРѕРјРµСЂ РєР°СЂС‚С‹ РѕС‚РїСЂР°РІРёС‚РµР»СЏ = 1111111111111111 , РќРѕРјРµСЂ РєР°СЂС‚С‹ РїРѕР»СѓС‡Р°С‚РµР»СЏ = 2222222222222222 , РЎСѓРјРјР° = Amount(value=22200, currency=RUR) , РєРѕРјРјРёСЃСЃРёСЏ: 222.0 , СЃС‚Р°С‚СѓСЃ: OK
[INFO] 18.06.2024 18:43:01 >>> РќРѕРІС‹Р№ РїРµСЂРµРІРѕРґ: РќРѕРјРµСЂ РєР°СЂС‚С‹ РѕС‚РїСЂР°РІРёС‚РµР»СЏ = 1111111111111111 , РќРѕРјРµСЂ РєР°СЂС‚С‹ РїРѕР»СѓС‡Р°С‚РµР»СЏ = 2222222222222222 , РЎСѓРјРјР° = Amount(value=22200, currency=RUR) , РєРѕРјРјРёСЃСЃРёСЏ: 222.0 , СЃС‚Р°С‚СѓСЃ: LOAD
[INFO] 18.06.2024 18:43:01 >>> РџРµСЂРµРІРѕРґ РѕРґРѕР±СЂРµРЅ: 3 , 39142c03-57c4-41ec-af76-6e5097fc857a
[INFO] 18.06.2024 18:43:01 >>> РЎС‚Р°С‚СѓСЃ С‚СЂР°РЅР·Р°РєС†РёРё РёР·РјРµРЅРµРЅ
[INFO] 18.06.2024 18:43:01 >>> РќРѕРІС‹Р№ РїРµСЂРµРІРѕРґ: РќРѕРјРµСЂ РєР°СЂС‚С‹ РѕС‚РїСЂР°РІРёС‚РµР»СЏ = 1111111111111111 , РќРѕРјРµСЂ РєР°СЂС‚С‹ РїРѕР»СѓС‡Р°С‚РµР»СЏ = 2222222222222222 , РЎСѓРјРјР° = Amount(value=22200, currency=RUR) , РєРѕРјРјРёСЃСЃРёСЏ: 222.0 , СЃС‚Р°С‚СѓСЃ: OK
[INFO] 18.06.2024 19:32:36 >>> РќРѕРІС‹Р№ РїРµСЂРµРІРѕРґ: РќРѕРјРµСЂ РєР°СЂС‚С‹ РѕС‚РїСЂР°РІРёС‚РµР»СЏ = 1111111111111111 , РќРѕРјРµСЂ РєР°СЂС‚С‹ РїРѕР»СѓС‡Р°С‚РµР»СЏ = 2222222222222222 , РЎСѓРјРјР° = Amount(value=123300, currency=RUR) , РєРѕРјРјРёСЃСЃРёСЏ: 1233.0 , СЃС‚Р°С‚СѓСЃ: LOAD
[INFO] 18.06.2024 19:32:36 >>> РџРµСЂРµРІРѕРґ РѕРґРѕР±СЂРµРЅ: 1 , e3ce6685-0584-44a3-b14d-899aad42ef21
[INFO] 18.06.2024 19:32:36 >>> РЎС‚Р°С‚СѓСЃ С‚СЂР°РЅР·Р°РєС†РёРё РёР·РјРµРЅРµРЅ
[INFO] 18.06.2024 19:32:36 >>> РќРѕРІС‹Р№ РїРµСЂРµРІРѕРґ: РќРѕРјРµСЂ РєР°СЂС‚С‹ РѕС‚РїСЂР°РІРёС‚РµР»СЏ = 1111111111111111 , РќРѕРјРµСЂ РєР°СЂС‚С‹ РїРѕР»СѓС‡Р°С‚РµР»СЏ = 2222222222222222 , РЎСѓРјРјР° = Amount(value=123300, currency=RUR) , РєРѕРјРјРёСЃСЃРёСЏ: 1233.0 , СЃС‚Р°С‚СѓСЃ: OK
[INFO] 18.06.2024 19:36:16 >>> РќРѕРІС‹Р№ РїРµСЂРµРІРѕРґ: РќРѕРјРµСЂ РєР°СЂС‚С‹ РѕС‚РїСЂР°РІРёС‚РµР»СЏ = 1111111111111111 , РќРѕРјРµСЂ РєР°СЂС‚С‹ РїРѕР»СѓС‡Р°С‚РµР»СЏ = 2222222222222222 , РЎСѓРјРјР° = Amount(value=22200, currency=RUR) , РєРѕРјРјРёСЃСЃРёСЏ: 222.0 , СЃС‚Р°С‚СѓСЃ: LOAD
[INFO] 18.06.2024 19:36:16 >>> РџРµСЂРµРІРѕРґ РѕРґРѕР±СЂРµРЅ: 1 , b2db486a-642f-4256-866f-8fcaf4257718
[INFO] 18.06.2024 19:36:16 >>> РЎС‚Р°С‚СѓСЃ С‚СЂР°РЅР·Р°РєС†РёРё РёР·РјРµРЅРµРЅ
[INFO] 18.06.2024 19:36:16 >>> РќРѕРІС‹Р№ РїРµСЂРµРІРѕРґ: РќРѕРјРµСЂ РєР°СЂС‚С‹ РѕС‚РїСЂР°РІРёС‚РµР»СЏ = 1111111111111111 , РќРѕРјРµСЂ РєР°СЂС‚С‹ РїРѕР»СѓС‡Р°С‚РµР»СЏ = 2222222222222222 , РЎСѓРјРјР° = Amount(value=22200, currency=RUR) , РєРѕРјРјРёСЃСЃРёСЏ: 222.0 , СЃС‚Р°С‚СѓСЃ: OK
[INFO] 18.06.2024 19:40:17 >>> РќРѕРІС‹Р№ РїРµСЂРµРІРѕРґ: РќРѕРјРµСЂ РєР°СЂС‚С‹ РѕС‚РїСЂР°РІРёС‚РµР»СЏ = 1111111111111111 , РќРѕРјРµСЂ РєР°СЂС‚С‹ РїРѕР»СѓС‡Р°С‚РµР»СЏ = 2222222222222222 , РЎСѓРјРјР° = Amount(value=22200, currency=RUR) , РєРѕРјРјРёСЃСЃРёСЏ: 222.0 , СЃС‚Р°С‚СѓСЃ: LOAD
[INFO] 18.06.2024 19:40:17 >>> РџРµСЂРµРІРѕРґ РѕРґРѕР±СЂРµРЅ: 1 , ef7cf420-3af4-4e88-8bb2-e34c88e08f0f
[INFO] 18.06.2024 19:40:17 >>> РЎС‚Р°С‚СѓСЃ С‚СЂР°РЅР·Р°РєС†РёРё РёР·РјРµРЅРµРЅ
[INFO] 18.06.2024 19:40:17 >>> РќРѕРІС‹Р№ РїРµСЂРµРІРѕРґ: РќРѕРјРµСЂ РєР°СЂС‚С‹ РѕС‚РїСЂР°РІРёС‚РµР»СЏ = 1111111111111111 , РќРѕРјРµСЂ РєР°СЂС‚С‹ РїРѕР»СѓС‡Р°С‚РµР»СЏ = 2222222222222222 , РЎСѓРјРјР° = Amount(value=22200, currency=RUR) , РєРѕРјРјРёСЃСЃРёСЏ: 222.0 , СЃС‚Р°С‚СѓСЃ: OK
[INFO] 18.06.2024 19:41:44 >>> РќРѕРІС‹Р№ РїРµСЂРµРІРѕРґ: РќРѕРјРµСЂ РєР°СЂС‚С‹ РѕС‚РїСЂР°РІРёС‚РµР»СЏ = 1111111111111111 , РќРѕРјРµСЂ РєР°СЂС‚С‹ РїРѕР»СѓС‡Р°С‚РµР»СЏ = 2222222222222222 , РЎСѓРјРјР° = Amount(value=22200, currency=RUR) , РєРѕРјРјРёСЃСЃРёСЏ: 222.0 , СЃС‚Р°С‚СѓСЃ: LOAD
[INFO] 18.06.2024 19:41:44 >>> РџРµСЂРµРІРѕРґ РѕРґРѕР±СЂРµРЅ: 1 , 0c7e320d-6bdc-4603-8a31-59bb50f71bcc
[INFO] 18.06.2024 19:41:44 >>> РЎС‚Р°С‚СѓСЃ С‚СЂР°РЅР·Р°РєС†РёРё РёР·РјРµРЅРµРЅ
[INFO] 18.06.2024 19:41:44 >>> РќРѕРІС‹Р№ РїРµСЂРµРІРѕРґ: РќРѕРјРµСЂ РєР°СЂС‚С‹ РѕС‚РїСЂР°РІРёС‚РµР»СЏ = 1111111111111111 , РќРѕРјРµСЂ РєР°СЂС‚С‹ РїРѕР»СѓС‡Р°С‚РµР»СЏ = 2222222222222222 , РЎСѓРјРјР° = Amount(value=22200, currency=RUR) , РєРѕРјРјРёСЃСЃРёСЏ: 222.0 , СЃС‚Р°С‚СѓСЃ: OK
[INFO] 18.06.2024 19:52:15 >>> РќРѕРІС‹Р№ РїРµСЂРµРІРѕРґ: РќРѕРјРµСЂ РєР°СЂС‚С‹ РѕС‚РїСЂР°РІРёС‚РµР»СЏ = 1111111111111111 , РќРѕРјРµСЂ РєР°СЂС‚С‹ РїРѕР»СѓС‡Р°С‚РµР»СЏ = 2222222222222222 , РЎСѓРјРјР° = Amount(value=3300, currency=RUR) , РєРѕРјРјРёСЃСЃРёСЏ: 33.0 , СЃС‚Р°С‚СѓСЃ: LOAD
[INFO] 18.06.2024 19:52:15 >>> РџРµСЂРµРІРѕРґ РѕРґРѕР±СЂРµРЅ: 1 , e2c57472-730e-4164-a30b-c1df4fe19401
[INFO] 18.06.2024 19:52:15 >>> РЎС‚Р°С‚СѓСЃ С‚СЂР°РЅР·Р°РєС†РёРё РёР·РјРµРЅРµРЅ
[INFO] 18.06.2024 19:52:15 >>> РќРѕРІС‹Р№ РїРµСЂРµРІРѕРґ: РќРѕРјРµСЂ РєР°СЂС‚С‹ РѕС‚РїСЂР°РІРёС‚РµР»СЏ = 1111111111111111 , РќРѕРјРµСЂ РєР°СЂС‚С‹ РїРѕР»СѓС‡Р°С‚РµР»СЏ = 2222222222222222 , РЎСѓРјРјР° = Amount(value=3300, currency=RUR) , РєРѕРјРјРёСЃСЃРёСЏ: 33.0 , СЃС‚Р°С‚СѓСЃ: OK
[INFO] 18.06.2024 19:52:31 >>> РќРѕРІС‹Р№ РїРµСЂРµРІРѕРґ: РќРѕРјРµСЂ РєР°СЂС‚С‹ РѕС‚РїСЂР°РІРёС‚РµР»СЏ = 1111111111111111 , РќРѕРјРµСЂ РєР°СЂС‚С‹ РїРѕР»СѓС‡Р°С‚РµР»СЏ = 2222222222222222 , РЎСѓРјРјР° = Amount(value=333300, currency=RUR) , РєРѕРјРјРёСЃСЃРёСЏ: 3333.0 , СЃС‚Р°С‚СѓСЃ: LOAD
[INFO] 18.06.2024 19:52:31 >>> РџРµСЂРµРІРѕРґ РѕРґРѕР±СЂРµРЅ: 2 , 78274403-e8b1-467e-b779-62ea7e5b2e13
[INFO] 18.06.2024 19:52:31 >>> РЎС‚Р°С‚СѓСЃ С‚СЂР°РЅР·Р°РєС†РёРё РёР·РјРµРЅРµРЅ
[INFO] 18.06.2024 19:52:31 >>> РќРѕРІС‹Р№ РїРµСЂРµРІРѕРґ: РќРѕРјРµСЂ РєР°СЂС‚С‹ РѕС‚РїСЂР°РІРёС‚РµР»СЏ = 1111111111111111 , РќРѕРјРµСЂ РєР°СЂС‚С‹ РїРѕР»СѓС‡Р°С‚РµР»СЏ = 2222222222222222 , РЎСѓРјРјР° = Amount(value=333300, currency=RUR) , РєРѕРјРјРёСЃСЃРёСЏ: 3333.0 , СЃС‚Р°С‚СѓСЃ: OK
[INFO] 20.06.2024 19:33:42 >>> РќРѕРІС‹Р№ РїРµСЂРµРІРѕРґ: РќРѕРјРµСЂ РєР°СЂС‚С‹ РѕС‚РїСЂР°РІРёС‚РµР»СЏ = 1111111111111111 , РќРѕРјРµСЂ РєР°СЂС‚С‹ РїРѕР»СѓС‡Р°С‚РµР»СЏ = 2222222222222222 , РЎСѓРјРјР° = Amount(value=2000, currency=null) , РєРѕРјРјРёСЃСЃРёСЏ: 20.0 , СЃС‚Р°С‚СѓСЃ: null
[INFO] 20.06.2024 19:34:23 >>> РќРѕРІС‹Р№ РїРµСЂРµРІРѕРґ: РќРѕРјРµСЂ РєР°СЂС‚С‹ РѕС‚РїСЂР°РІРёС‚РµР»СЏ = 1111111111111111 , РќРѕРјРµСЂ РєР°СЂС‚С‹ РїРѕР»СѓС‡Р°С‚РµР»СЏ = 2222222222222222 , РЎСѓРјРјР° = Amount(value=2000, currency=null) , РєРѕРјРјРёСЃСЃРёСЏ: 20.0 , СЃС‚Р°С‚СѓСЃ: null
[INFO] 20.06.2024 19:55:22 >>> РќРѕРІС‹Р№ РїРµСЂРµРІРѕРґ: РќРѕРјРµСЂ РєР°СЂС‚С‹ РѕС‚РїСЂР°РІРёС‚РµР»СЏ = 1111111111111111 , РќРѕРјРµСЂ РєР°СЂС‚С‹ РїРѕР»СѓС‡Р°С‚РµР»СЏ = 2222222222222222 , РЎСѓРјРјР° = Amount(value=2000, currency=null) , РєРѕРјРјРёСЃСЃРёСЏ: 20.0 , СЃС‚Р°С‚СѓСЃ: null
[INFO] 20.06.2024 19:55:52 >>> РќРѕРІС‹Р№ РїРµСЂРµРІРѕРґ: РќРѕРјРµСЂ РєР°СЂС‚С‹ РѕС‚РїСЂР°РІРёС‚РµР»СЏ = 1111111111111111 , РќРѕРјРµСЂ РєР°СЂС‚С‹ РїРѕР»СѓС‡Р°С‚РµР»СЏ = 2222222222222222 , РЎСѓРјРјР° = Amount(value=2000, currency=null) , РєРѕРјРјРёСЃСЃРёСЏ: 20.0 , СЃС‚Р°С‚СѓСЃ: null
[ERROR] 20.06.2024 22:01:19 >>> РћС€РёР±РєР° РїРѕРґС‚РІРµСЂР¶РґРµРЅРёСЏ: С‚СЂР°РЅР·Р°РєС†РёСЏ СЃ id  1 РЅРµ Р±С‹Р» РЅР°Р№РґРµРЅConfirmOperation(operationId=1, code=0000)
[INFO] 20.06.2024 22:01:22 >>> РќРѕРІС‹Р№ РїРµСЂРµРІРѕРґ: РќРѕРјРµСЂ РєР°СЂС‚С‹ РѕС‚РїСЂР°РІРёС‚РµР»СЏ = 1111111111111111 , РќРѕРјРµСЂ РєР°СЂС‚С‹ РїРѕР»СѓС‡Р°С‚РµР»СЏ = 2222222222222222 , РЎСѓРјРјР° = Amount(value=1500, currency=RUR) , РєРѕРјРјРёСЃСЃРёСЏ: 15.0 , СЃС‚Р°С‚СѓСЃ: LOAD
[INFO] 22.06.2024 15:41:35 >>> Новый перевод: Номер карты отправителя = 1111111111111111 , Номер карты получателя = 2222222222222222 , Сумма = Amount(value=2000, currency=null) , коммиссия: 20.0 , статус: null
[INFO] 22.06.2024 15:43:51 >>> Новый перевод: Номер карты отправителя = 1111111111111111 , Номер карты получателя = 2222222222222222 , Сумма = Amount(value=2000, currency=null) , коммиссия: 20.0 , статус: null
[INFO] 22.06.2024 15:48:36 >>> РќРѕРІС‹Р№ РїРµСЂРµРІРѕРґ: РќРѕРјРµСЂ РєР°СЂС‚С‹ РѕС‚РїСЂР°РІРёС‚РµР»СЏ = 1111111111111111 , РќРѕРјРµСЂ РєР°СЂС‚С‹ РїРѕР»СѓС‡Р°С‚РµР»СЏ = 2222222222222222 , РЎСѓРјРјР° = Amount(value=2000, currency=null) , РєРѕРјРјРёСЃСЃРёСЏ: 20.0 , СЃС‚Р°С‚СѓСЃ: null
[INFO] 22.06.2024 15:50:53 >>> Новый перевод: Номер карты отправителя = 1111111111111111 , Номер карты получателя = 2222222222222222 , Сумма = Amount(value=2000, currency=null) , коммиссия: 20.0 , статус: null
[INFO] 22.06.2024 15:54:28 >>> Новый перевод: Номер карты отправителя = 1111111111111111 , Номер карты получателя = 2222222222222222 , Сумма = Amount(value=2000, currency=null) , коммиссия: 20.0 , статус: null
